<?xml version="1.0" encoding="UTF-8"?>
<testsuite xmlns:xsi="http://www.w3.org/2001/XMLSchema-instance" xsi:noNamespaceSchemaLocation="https://maven.apache.org/surefire/maven-surefire-plugin/xsd/surefire-test-report-3.0.xsd" version="3.0" name="arthimeticcalc.CalculatorTest" time="11.583" tests="5" errors="0" skipped="0" failures="0">
  <properties>
[...]
</properties>
  <testcase name="testDivideByZero" classname="arthimeticcalc.CalculatorTest" time="0.305"/>
  <testcase name="testAdd" classname="arthimeticcalc.CalculatorTest" time="0.016"/>
  <testcase name="testSubtract" classname="arthimeticcalc.CalculatorTest" time="0.008"/>
  <testcase name="testDivide" classname="arthimeticcalc.CalculatorTest" time="0.011"/>
  <testcase name="testMultiply" classname="arthimeticcalc.CalculatorTest" time="0.008"/>
</testsuite>